-------------------------------------------------------------------------------
Test set: controller.TestGestioneLibroCsv
-------------------------------------------------------------------------------
Tests run: 2, Failures: 0, Errors: 1, Skipped: 0, Time elapsed: 0.427 s <<< FAILURE! - in controller.TestGestioneLibroCsv
controller.TestGestioneLibroCsv.testRimuoviLibro  Time elapsed: 0.145 s  <<< ERROR!
java.io.FileNotFoundException: report/reportLibro.csv (File o directory non esistente)
	at controller.TestGestioneLibroCsv.testRimuoviLibro(TestGestioneLibroCsv.java:94)

